<?xml version="1.0" encoding="utf-8"?><testsuites name="pytest tests"><testsuite name="pytest" errors="0" failures="0" skipped="0" tests="18" time="8.620" timestamp="2026-04-16T17:53:46.748065+00:00" hostname="agent-env-30372638-fa12-439e-b1fe-99e14c29e76c"><testcase classname="backend.tests.test_api.TestHealthEndpoints" name="test_api_root_returns_active" time="0.160" /><testcase classname="backend.tests.test_api.TestHealthEndpoints" name="test_supported_languages_returns_list" time="0.113" /><testcase classname="backend.tests.test_api.TestHealthEndpoints" name="test_history_returns_list" time="0.222" /><testcase classname="backend.tests.test_api.TestTextTranslation" name="test_translate_english_to_spanish" time="0.675" /><testcase classname="backend.tests.test_api.TestTextTranslation" name="test_translate_missing_fields_fails" time="0.115" /><testcase classname="backend.tests.test_api.TestTextToSign" name="test_text_to_sign_asl" time="3.436" /><testcase classname="backend.tests.test_api.TestApiKeyGeneration" name="test_generate_api_key" time="0.145" /><testcase classname="backend.tests.test_api.TestApiKeyGeneration" name="test_list_api_keys_returns_masked" time="0.137" /><testcase classname="backend.tests.test_api.TestApiKeyGeneration" name="test_generate_key_missing_name_fails" time="0.137" /><testcase classname="backend.tests.test_api.TestPublicApiTranslation" name="test_public_translate_with_valid_key" time="0.795" /><testcase classname="backend.tests.test_api.TestPublicApiTranslation" name="test_public_translate_without_key_returns_401" time="0.110" /><testcase classname="backend.tests.test_api.TestPublicApiTranslation" name="test_public_translate_with_invalid_key_returns_401" time="0.119" /><testcase classname="backend.tests.test_api.TestWidgetTranslation" name="test_widget_translate_with_valid_key" time="1.501" /><testcase classname="backend.tests.test_api.TestWidgetTranslation" name="test_widget_translate_without_key_returns_401" time="0.160" /><testcase classname="backend.tests.test_api.TestWebhooks" name="test_whatsapp_webhook_get_returns_status" time="0.137" /><testcase classname="backend.tests.test_api.TestWebhooks" name="test_whatsapp_webhook_post_returns_twiml" time="0.194" /><testcase classname="backend.tests.test_api.TestWebhooks" name="test_voice_webhook_post_returns_twiml" time="0.146" /><testcase classname="backend.tests.test_api.TestApiDocs" name="test_docs_endpoints_returns_documentation" time="0.174" /></testsuite></testsuites>