<?xml version="1.0" encoding="utf-8"?><testsuites name="pytest tests"><testsuite name="pytest" errors="0" failures="0" skipped="0" tests="12" time="9.201" timestamp="2026-04-16T17:36:06.670783+00:00" hostname="agent-env-30372638-fa12-439e-b1fe-99e14c29e76c"><testcase classname="backend.tests.test_api.TestHealthEndpoints" name="test_api_root_returns_active" time="0.683" /><testcase classname="backend.tests.test_api.TestHealthEndpoints" name="test_supported_languages_returns_list" time="0.156" /><testcase classname="backend.tests.test_api.TestHealthEndpoints" name="test_history_returns_list" time="0.251" /><testcase classname="backend.tests.test_api.TestTextTranslation" name="test_translate_english_to_spanish" time="0.610" /><testcase classname="backend.tests.test_api.TestTextTranslation" name="test_translate_empty_text_fails" time="0.816" /><testcase classname="backend.tests.test_api.TestTextTranslation" name="test_translate_missing_fields_fails" time="0.475" /><testcase classname="backend.tests.test_api.TestTextTranslation" name="test_translation_persists_in_history" time="1.752" /><testcase classname="backend.tests.test_api.TestTextToSign" name="test_text_to_sign_asl" time="3.500" /><testcase classname="backend.tests.test_api.TestTextToSign" name="test_text_to_sign_missing_text_fails" time="0.132" /><testcase classname="backend.tests.test_api.TestVoiceTranslation" name="test_voice_translate_invalid_audio_fails" time="0.286" /><testcase classname="backend.tests.test_api.TestVoiceTranslation" name="test_voice_translate_missing_fields_fails" time="0.246" /><testcase classname="backend.tests.test_api.TestSignToText" name="test_sign_to_text_missing_image_fails" time="0.223" /></testsuite></testsuites>