<?xml version="1.0" encoding="utf-8"?><testsuites name="pytest tests"><testsuite name="pytest" errors="0" failures="0" skipped="0" tests="20" time="13.967" timestamp="2026-04-16T19:17:58.664510+00:00" hostname="agent-env-30372638-fa12-439e-b1fe-99e14c29e76c"><testcase classname="backend.tests.test_security_hardening.TestApiKeyGeneration" name="test_generate_key_returns_full_key_with_pk_prefix" time="0.154" /><testcase classname="backend.tests.test_security_hardening.TestApiKeyGeneration" name="test_generate_key_with_custom_scope_rate_cap" time="0.131" /><testcase classname="backend.tests.test_security_hardening.TestApiKeyGeneration" name="test_generate_readonly_key" time="0.113" /><testcase classname="backend.tests.test_security_hardening.TestKeyMasking" name="test_list_keys_returns_masked_values" time="0.243" /><testcase classname="backend.tests.test_security_hardening.TestKeyMasking" name="test_masked_key_shows_prefix_and_suffix" time="0.126" /><testcase classname="backend.tests.test_security_hardening.TestKeyAuthentication" name="test_translate_with_valid_key_works" time="0.934" /><testcase classname="backend.tests.test_security_hardening.TestKeyAuthentication" name="test_translate_without_key_returns_401" time="0.110" /><testcase classname="backend.tests.test_security_hardening.TestKeyAuthentication" name="test_translate_with_invalid_key_returns_401" time="0.127" /><testcase classname="backend.tests.test_security_hardening.TestScopeEnforcement" name="test_translate_scope_can_translate" time="0.849" /><testcase classname="backend.tests.test_security_hardening.TestScopeEnforcement" name="test_readonly_scope_cannot_translate" time="0.113" /><testcase classname="backend.tests.test_security_hardening.TestScopeEnforcement" name="test_full_scope_can_translate" time="0.917" /><testcase classname="backend.tests.test_security_hardening.TestRateLimiting" name="test_rate_limit_returns_429_when_exceeded" time="2.624" /><testcase classname="backend.tests.test_security_hardening.TestDailyCap" name="test_daily_cap_enforcement" time="4.265" /><testcase classname="backend.tests.test_security_hardening.TestKeyRevocation" name="test_revoke_key_works" time="1.670" /><testcase classname="backend.tests.test_security_hardening.TestKeyRevocation" name="test_revoke_nonexistent_key_returns_404" time="0.156" /><testcase classname="backend.tests.test_security_hardening.TestKeyRevocation" name="test_revoked_key_not_in_active_list" time="0.327" /><testcase classname="backend.tests.test_security_hardening.TestApiDocsSecurityInfo" name="test_docs_include_security_info" time="0.115" /><testcase classname="backend.tests.test_security_hardening.TestCoreTranslationStillWorks" name="test_internal_translate_endpoint_works" time="0.648" /><testcase classname="backend.tests.test_security_hardening.TestCoreTranslationStillWorks" name="test_supported_languages_works" time="0.153" /><testcase classname="backend.tests.test_security_hardening.TestCoreTranslationStillWorks" name="test_history_endpoint_works" time="0.120" /></testsuite></testsuites>