<?xml version="1.0" encoding="utf-8"?><testsuites name="pytest tests"><testsuite name="pytest" errors="0" failures="0" skipped="0" tests="12" time="6.634" timestamp="2026-04-16T17:25:52.261489+00:00" hostname="agent-env-30372638-fa12-439e-b1fe-99e14c29e76c"><testcase classname="tests.test_api.TestHealthEndpoints" name="test_api_root_returns_active" time="0.245" /><testcase classname="tests.test_api.TestHealthEndpoints" name="test_supported_languages_returns_list" time="0.155" /><testcase classname="tests.test_api.TestHealthEndpoints" name="test_history_returns_list" time="0.104" /><testcase classname="tests.test_api.TestTextTranslation" name="test_translate_english_to_spanish" time="0.825" /><testcase classname="tests.test_api.TestTextTranslation" name="test_translate_empty_text_fails" time="0.753" /><testcase classname="tests.test_api.TestTextTranslation" name="test_translate_missing_fields_fails" time="0.167" /><testcase classname="tests.test_api.TestTextTranslation" name="test_translation_persists_in_history" time="0.691" /><testcase classname="tests.test_api.TestTextToSign" name="test_text_to_sign_asl" time="2.999" /><testcase classname="tests.test_api.TestTextToSign" name="test_text_to_sign_missing_text_fails" time="0.154" /><testcase classname="tests.test_api.TestVoiceTranslation" name="test_voice_translate_invalid_audio_fails" time="0.148" /><testcase classname="tests.test_api.TestVoiceTranslation" name="test_voice_translate_missing_fields_fails" time="0.109" /><testcase classname="tests.test_api.TestSignToText" name="test_sign_to_text_missing_image_fails" time="0.146" /></testsuite></testsuites>