<?xml version="1.0" encoding="utf-8"?><testsuites name="pytest tests"><testsuite name="pytest" errors="0" failures="0" skipped="0" tests="21" time="10.126" timestamp="2026-04-16T18:09:47.851226+00:00" hostname="agent-env-30372638-fa12-439e-b1fe-99e14c29e76c"><testcase classname="backend.tests.test_api.TestHealthEndpoints" name="test_api_root_returns_active" time="0.167" /><testcase classname="backend.tests.test_api.TestHealthEndpoints" name="test_supported_languages_returns_list" time="0.121" /><testcase classname="backend.tests.test_api.TestHealthEndpoints" name="test_history_returns_list" time="0.141" /><testcase classname="backend.tests.test_api.TestTextTranslation" name="test_translate_english_to_spanish" time="0.715" /><testcase classname="backend.tests.test_api.TestTextTranslation" name="test_translate_missing_fields_fails" time="0.131" /><testcase classname="backend.tests.test_api.TestTextToSign" name="test_text_to_sign_asl" time="3.408" /><testcase classname="backend.tests.test_api.TestApiKeyGeneration" name="test_generate_api_key" time="0.135" /><testcase classname="backend.tests.test_api.TestApiKeyGeneration" name="test_list_api_keys_returns_masked" time="0.117" /><testcase classname="backend.tests.test_api.TestApiKeyGeneration" name="test_generate_key_missing_name_fails" time="0.128" /><testcase classname="backend.tests.test_api.TestPublicApiTranslation" name="test_public_translate_with_valid_key" time="0.584" /><testcase classname="backend.tests.test_api.TestPublicApiTranslation" name="test_public_translate_without_key_returns_401" time="0.141" /><testcase classname="backend.tests.test_api.TestPublicApiTranslation" name="test_public_translate_with_invalid_key_returns_401" time="0.116" /><testcase classname="backend.tests.test_api.TestWidgetTranslation" name="test_widget_translate_with_valid_key" time="3.025" /><testcase classname="backend.tests.test_api.TestWidgetTranslation" name="test_widget_translate_without_key_returns_401" time="0.108" /><testcase classname="backend.tests.test_api.TestWebhooks" name="test_whatsapp_webhook_get_returns_status" time="0.153" /><testcase classname="backend.tests.test_api.TestWebhooks" name="test_whatsapp_webhook_post_returns_twiml" time="0.123" /><testcase classname="backend.tests.test_api.TestWebhooks" name="test_voice_webhook_post_returns_twiml" time="0.136" /><testcase classname="backend.tests.test_api.TestApiDocs" name="test_docs_endpoints_returns_documentation" time="0.120" /><testcase classname="backend.tests.test_api.TestWidgetAndExtensionFiles" name="test_widget_js_accessible_and_valid_javascript" time="0.156" /><testcase classname="backend.tests.test_api.TestWidgetAndExtensionFiles" name="test_chrome_extension_zip_downloadable" time="0.171" /><testcase classname="backend.tests.test_api.TestWidgetAndExtensionFiles" name="test_widget_js_content_length" time="0.121" /></testsuite></testsuites>